c:\_work\vs2010port\ccv15\apps\addonsexamples\vs2010\obj\debug\cpuimagefilter.obj
c:\_work\vs2010port\ccv15\apps\addonsexamples\vs2010\obj\debug\gpuimagefilter.obj
c:\_work\vs2010port\ccv15\apps\addonsexamples\vs2010\obj\debug\shaderprogram.obj
c:\_work\vs2010port\ccv15\apps\addonsexamples\vs2010\obj\debug\ofxncorevision.obj
c:\_work\vs2010port\ccv15\apps\addonsexamples\vs2010\obj\debug\contourfinder.obj
c:\_work\vs2010port\ccv15\apps\addonsexamples\vs2010\obj\debug\tracking.obj
c:\_work\vs2010port\ccv15\apps\addonsexamples\vs2010\obj\debug\templateutils.obj
c:\_work\vs2010port\ccv15\apps\addonsexamples\vs2010\obj\debug\ofxps3.obj
c:\_work\vs2010port\ccv15\apps\addonsexamples\vs2010\obj\debug\ofxfiducialfinder.obj
c:\_work\vs2010port\ccv15\apps\addonsexamples\vs2010\obj\debug\ofxfiducialtracker.obj
c:\_work\vs2010port\ccv15\apps\addonsexamples\vs2010\obj\debug\fidtrackx.obj
c:\_work\vs2010port\ccv15\apps\addonsexamples\vs2010\obj\debug\segment.obj
c:\_work\vs2010port\ccv15\apps\addonsexamples\vs2010\obj\debug\treeidmap.obj
c:\_work\vs2010port\ccv15\apps\addonsexamples\vs2010\obj\debug\ofxcamerabase.obj
c:\_work\vs2010port\ccv15\apps\addonsexamples\vs2010\obj\debug\ofxguidhelper.obj
c:\_work\vs2010port\ccv15\apps\addonsexamples\vs2010\obj\debug\ofxmultiplexer.obj
c:\_work\vs2010port\ccv15\apps\addonsexamples\vs2010\obj\debug\ofxmultiplexermanager.obj
c:\_work\vs2010port\ccv15\apps\addonsexamples\vs2010\obj\debug\ofxcmucamera.obj
c:\_work\vs2010port\ccv15\apps\addonsexamples\vs2010\obj\debug\ofxdshow.obj
c:\_work\vs2010port\ccv15\apps\addonsexamples\vs2010\obj\debug\ofxkinect.obj
c:\_work\vs2010port\ccv15\apps\addonsexamples\vs2010\obj\debug\ofxgui.obj
c:\_work\vs2010port\ccv15\apps\addonsexamples\vs2010\obj\debug\ofxguiarrow.obj
c:\_work\vs2010port\ccv15\apps\addonsexamples\vs2010\obj\debug\ofxguibutton.obj
c:\_work\vs2010port\ccv15\apps\addonsexamples\vs2010\obj\debug\ofxguicolor.obj
c:\_work\vs2010port\ccv15\apps\addonsexamples\vs2010\obj\debug\ofxguifiles.obj
c:\_work\vs2010port\ccv15\apps\addonsexamples\vs2010\obj\debug\ofxguiglobals.obj
c:\_work\vs2010port\ccv15\apps\addonsexamples\vs2010\obj\debug\ofxguigrid.obj
c:\_work\vs2010port\ccv15\apps\addonsexamples\vs2010\obj\debug\ofxguiimage.obj
c:\_work\vs2010port\ccv15\apps\addonsexamples\vs2010\obj\debug\ofxguiknob.obj
c:\_work\vs2010port\ccv15\apps\addonsexamples\vs2010\obj\debug\ofxguilabel.obj
c:\_work\vs2010port\ccv15\apps\addonsexamples\vs2010\obj\debug\ofxguimatrix.obj
c:\_work\vs2010port\ccv15\apps\addonsexamples\vs2010\obj\debug\ofxguiobject.obj
c:\_work\vs2010port\ccv15\apps\addonsexamples\vs2010\obj\debug\ofxguipanel.obj
c:\_work\vs2010port\ccv15\apps\addonsexamples\vs2010\obj\debug\ofxguipoints.obj
c:\_work\vs2010port\ccv15\apps\addonsexamples\vs2010\obj\debug\ofxguiradar.obj
c:\_work\vs2010port\ccv15\apps\addonsexamples\vs2010\obj\debug\ofxguiscope.obj
c:\_work\vs2010port\ccv15\apps\addonsexamples\vs2010\obj\debug\ofxguislider.obj
c:\_work\vs2010port\ccv15\apps\addonsexamples\vs2010\obj\debug\ofxguiswitch.obj
c:\_work\vs2010port\ccv15\apps\addonsexamples\vs2010\obj\debug\ofxguixypad.obj
c:\_work\vs2010port\ccv15\apps\addonsexamples\vs2010\obj\debug\touchmessenger.obj
c:\_work\vs2010port\ccv15\apps\addonsexamples\vs2010\obj\debug\ofxtcpmanager.obj
c:\_work\vs2010port\ccv15\apps\addonsexamples\vs2010\obj\debug\ofxtcpserver.obj
c:\_work\vs2010port\ccv15\apps\addonsexamples\vs2010\obj\debug\ofxudpmanager.obj
c:\_work\vs2010port\ccv15\apps\addonsexamples\vs2010\obj\debug\ofxoscbundle.obj
c:\_work\vs2010port\ccv15\apps\addonsexamples\vs2010\obj\debug\ofxoscmessage.obj
c:\_work\vs2010port\ccv15\apps\addonsexamples\vs2010\obj\debug\ofxoscreceiver.obj
c:\_work\vs2010port\ccv15\apps\addonsexamples\vs2010\obj\debug\ofxoscsender.obj
c:\_work\vs2010port\ccv15\apps\addonsexamples\vs2010\obj\debug\ofxcvcolorimage.obj
c:\_work\vs2010port\ccv15\apps\addonsexamples\vs2010\obj\debug\ofxcvcontourfinder.obj
c:\_work\vs2010port\ccv15\apps\addonsexamples\vs2010\obj\debug\ofxcvfloatimage.obj
c:\_work\vs2010port\ccv15\apps\addonsexamples\vs2010\obj\debug\ofxcvgrayscaleimage.obj
c:\_work\vs2010port\ccv15\apps\addonsexamples\vs2010\obj\debug\ofxcvimage.obj
c:\_work\vs2010port\ccv15\apps\addonsexamples\vs2010\obj\debug\ofxcvshortimage.obj
c:\_work\vs2010port\ccv15\apps\addonsexamples\vs2010\obj\debug\ofxmatrix3x3.obj
c:\_work\vs2010port\ccv15\apps\addonsexamples\vs2010\obj\debug\ofxthread.obj
c:\_work\vs2010port\ccv15\apps\addonsexamples\vs2010\obj\debug\ofxdirlist.obj
c:\_work\vs2010port\ccv15\apps\addonsexamples\vs2010\obj\debug\ofxffmv.obj
c:\_work\vs2010port\ccv15\apps\addonsexamples\vs2010\obj\debug\calibration.obj
c:\_work\vs2010port\ccv15\apps\addonsexamples\vs2010\obj\debug\calibrationutils.obj
c:\_work\vs2010port\ccv15\apps\addonsexamples\vs2010\obj\debug\tuio.obj
c:\_work\vs2010port\ccv15\apps\addonsexamples\vs2010\obj\debug\main.obj
c:\_work\vs2010port\ccv15\apps\addonsexamples\vs2010\obj\debug\testapp.obj
c:\_work\vs2010port\ccv15\apps\addonsexamples\vs2010\obj\debug\ofxxmlsettings.obj
c:\_work\vs2010port\ccv15\apps\addonsexamples\vs2010\obj\debug\tinyxml.obj
c:\_work\vs2010port\ccv15\apps\addonsexamples\vs2010\obj\debug\tinyxmlerror.obj
c:\_work\vs2010port\ccv15\apps\addonsexamples\vs2010\obj\debug\tinyxmlparser.obj
c:\_work\vs2010port\ccv15\apps\addonsexamples\vs2010\obj\debug\ofxtcpclient.obj
c:\_work\vs2010port\ccv15\apps\addonsexamples\vs2010\obj\debug\vc100.pdb
c:\_work\vs2010port\ccv15\apps\addonsexamples\vs2010\obj\debug\tiled_bernsen_threshold.obj
c:\_development\vs2010port\ccv15\apps\addonsexamples\vs2010\obj\debug\cpuimagefilter.obj
c:\_development\vs2010port\ccv15\apps\addonsexamples\vs2010\obj\debug\gpuimagefilter.obj
c:\_development\vs2010port\ccv15\apps\addonsexamples\vs2010\obj\debug\shaderprogram.obj
c:\_development\vs2010port\ccv15\apps\addonsexamples\vs2010\obj\debug\ofxncorevision.obj
c:\_development\vs2010port\ccv15\apps\addonsexamples\vs2010\obj\debug\contourfinder.obj
c:\_development\vs2010port\ccv15\apps\addonsexamples\vs2010\obj\debug\tracking.obj
c:\_development\vs2010port\ccv15\apps\addonsexamples\vs2010\obj\debug\templateutils.obj
c:\_development\vs2010port\ccv15\apps\addonsexamples\vs2010\obj\debug\ofxps3.obj
c:\_development\vs2010port\ccv15\apps\addonsexamples\vs2010\obj\debug\ofxfiducialfinder.obj
c:\_development\vs2010port\ccv15\apps\addonsexamples\vs2010\obj\debug\ofxfiducialtracker.obj
c:\_development\vs2010port\ccv15\apps\addonsexamples\vs2010\obj\debug\fidtrackx.obj
c:\_development\vs2010port\ccv15\apps\addonsexamples\vs2010\obj\debug\segment.obj
c:\_development\vs2010port\ccv15\apps\addonsexamples\vs2010\obj\debug\treeidmap.obj
c:\_development\vs2010port\ccv15\apps\addonsexamples\vs2010\obj\debug\ofxcamerabase.obj
c:\_development\vs2010port\ccv15\apps\addonsexamples\vs2010\obj\debug\ofxguidhelper.obj
c:\_development\vs2010port\ccv15\apps\addonsexamples\vs2010\obj\debug\ofxmultiplexer.obj
c:\_development\vs2010port\ccv15\apps\addonsexamples\vs2010\obj\debug\ofxmultiplexermanager.obj
c:\_development\vs2010port\ccv15\apps\addonsexamples\vs2010\obj\debug\ofxcmucamera.obj
c:\_development\vs2010port\ccv15\apps\addonsexamples\vs2010\obj\debug\ofxdshow.obj
c:\_development\vs2010port\ccv15\apps\addonsexamples\vs2010\obj\debug\ofxkinect.obj
c:\_development\vs2010port\ccv15\apps\addonsexamples\vs2010\obj\debug\ofxgui.obj
c:\_development\vs2010port\ccv15\apps\addonsexamples\vs2010\obj\debug\ofxguiarrow.obj
c:\_development\vs2010port\ccv15\apps\addonsexamples\vs2010\obj\debug\ofxguibutton.obj
c:\_development\vs2010port\ccv15\apps\addonsexamples\vs2010\obj\debug\ofxguicolor.obj
c:\_development\vs2010port\ccv15\apps\addonsexamples\vs2010\obj\debug\ofxguifiles.obj
c:\_development\vs2010port\ccv15\apps\addonsexamples\vs2010\obj\debug\ofxguiglobals.obj
c:\_development\vs2010port\ccv15\apps\addonsexamples\vs2010\obj\debug\ofxguigrid.obj
c:\_development\vs2010port\ccv15\apps\addonsexamples\vs2010\obj\debug\ofxguiimage.obj
c:\_development\vs2010port\ccv15\apps\addonsexamples\vs2010\obj\debug\ofxguiknob.obj
c:\_development\vs2010port\ccv15\apps\addonsexamples\vs2010\obj\debug\ofxguilabel.obj
c:\_development\vs2010port\ccv15\apps\addonsexamples\vs2010\obj\debug\ofxguimatrix.obj
c:\_development\vs2010port\ccv15\apps\addonsexamples\vs2010\obj\debug\ofxguiobject.obj
c:\_development\vs2010port\ccv15\apps\addonsexamples\vs2010\obj\debug\ofxguipanel.obj
c:\_development\vs2010port\ccv15\apps\addonsexamples\vs2010\obj\debug\ofxguipoints.obj
c:\_development\vs2010port\ccv15\apps\addonsexamples\vs2010\obj\debug\ofxguiradar.obj
c:\_development\vs2010port\ccv15\apps\addonsexamples\vs2010\obj\debug\ofxguiscope.obj
c:\_development\vs2010port\ccv15\apps\addonsexamples\vs2010\obj\debug\ofxguislider.obj
c:\_development\vs2010port\ccv15\apps\addonsexamples\vs2010\obj\debug\ofxguiswitch.obj
c:\_development\vs2010port\ccv15\apps\addonsexamples\vs2010\obj\debug\ofxguixypad.obj
c:\_development\vs2010port\ccv15\apps\addonsexamples\vs2010\obj\debug\touchmessenger.obj
c:\_development\vs2010port\ccv15\apps\addonsexamples\vs2010\obj\debug\ofxtcpmanager.obj
c:\_development\vs2010port\ccv15\apps\addonsexamples\vs2010\obj\debug\ofxtcpserver.obj
c:\_development\vs2010port\ccv15\apps\addonsexamples\vs2010\obj\debug\ofxudpmanager.obj
c:\_development\vs2010port\ccv15\apps\addonsexamples\vs2010\obj\debug\ofxoscbundle.obj
c:\_development\vs2010port\ccv15\apps\addonsexamples\vs2010\obj\debug\ofxoscmessage.obj
c:\_development\vs2010port\ccv15\apps\addonsexamples\vs2010\obj\debug\ofxoscreceiver.obj
c:\_development\vs2010port\ccv15\apps\addonsexamples\vs2010\obj\debug\ofxoscsender.obj
c:\_development\vs2010port\ccv15\apps\addonsexamples\vs2010\obj\debug\ofxcvcolorimage.obj
c:\_development\vs2010port\ccv15\apps\addonsexamples\vs2010\obj\debug\ofxcvcontourfinder.obj
c:\_development\vs2010port\ccv15\apps\addonsexamples\vs2010\obj\debug\ofxcvfloatimage.obj
c:\_development\vs2010port\ccv15\apps\addonsexamples\vs2010\obj\debug\ofxcvgrayscaleimage.obj
c:\_development\vs2010port\ccv15\apps\addonsexamples\vs2010\obj\debug\ofxcvimage.obj
c:\_development\vs2010port\ccv15\apps\addonsexamples\vs2010\obj\debug\ofxcvshortimage.obj
c:\_development\vs2010port\ccv15\apps\addonsexamples\vs2010\obj\debug\ofxmatrix3x3.obj
c:\_development\vs2010port\ccv15\apps\addonsexamples\vs2010\obj\debug\ofxthread.obj
c:\_development\vs2010port\ccv15\apps\addonsexamples\vs2010\obj\debug\ofxdirlist.obj
c:\_development\vs2010port\ccv15\apps\addonsexamples\vs2010\obj\debug\ofxffmv.obj
c:\_development\vs2010port\ccv15\apps\addonsexamples\vs2010\obj\debug\calibration.obj
c:\_development\vs2010port\ccv15\apps\addonsexamples\vs2010\obj\debug\calibrationutils.obj
c:\_development\vs2010port\ccv15\apps\addonsexamples\vs2010\obj\debug\tuio.obj
c:\_development\vs2010port\ccv15\apps\addonsexamples\vs2010\obj\debug\main.obj
c:\_development\vs2010port\ccv15\apps\addonsexamples\vs2010\obj\debug\testapp.obj
c:\_development\vs2010port\ccv15\apps\addonsexamples\vs2010\obj\debug\ofxxmlsettings.obj
c:\_development\vs2010port\ccv15\apps\addonsexamples\vs2010\obj\debug\tinyxml.obj
c:\_development\vs2010port\ccv15\apps\addonsexamples\vs2010\obj\debug\tinyxmlerror.obj
c:\_development\vs2010port\ccv15\apps\addonsexamples\vs2010\obj\debug\tinyxmlparser.obj
c:\_development\vs2010port\ccv15\apps\addonsexamples\vs2010\obj\debug\ofxtcpclient.obj
c:\_development\vs2010port\ccv15\apps\addonsexamples\vs2010\obj\debug\vc100.pdb
c:\_development\vs2010port\ccv15\apps\addonsexamples\vs2010\obj\debug\tiled_bernsen_threshold.obj
c:\_development\vs2010port\ccv15\apps\addonsexamples\vs2010\bin\ccv_debug.ilk
c:\_development\vs2010port\ccv15\apps\addonsexamples\vs2010\bin\ccv_debug.exe
c:\_development\vs2010port\ccv15\apps\addonsexamples\vs2010\obj\debug\ccv_debug.exe.intermediate.manifest
c:\_development\vs2010port\ccv15\apps\addonsexamples\vs2010\bin\ccv_debug_debuginfo.pdb
c:\_development\vs2010port\ccv15\apps\addonsexamples\vs2010\obj\debug\ccv_debug.exe.embed.manifest
c:\_work\vs2010port\ccv15\apps\addonsexamples\vs2010\obj\debug\community core vision.res
c:\_work\vs2010port\ccv15\apps\addonsexamples\vs2010\obj\debug\ccv_debug.exe.embed.manifest.res
c:\_development\vs2010port\ccv15\apps\addonsexamples\vs2010\obj\debug\community core vision.res
c:\_development\vs2010port\ccv15\apps\addonsexamples\vs2010\obj\debug\ccv_debug.exe.embed.manifest.res
c:\users\alathon\desktop\ccv15-master\apps\addonsexamples\vs2010\obj\debug\community core vision.vcxprojresolveassemblyreference.cache
c:\users\alathon\desktop\ccv15-master\apps\addonsexamples\vs2010\obj\debug\calibration.obj
c:\users\alathon\desktop\ccv15-master\apps\addonsexamples\vs2010\obj\debug\calibrationutils.obj
c:\users\alathon\desktop\ccv15-master\apps\addonsexamples\vs2010\obj\debug\contourfinder.obj
c:\users\alathon\desktop\ccv15-master\apps\addonsexamples\vs2010\obj\debug\cpuimagefilter.obj
c:\users\alathon\desktop\ccv15-master\apps\addonsexamples\vs2010\obj\debug\gpuimagefilter.obj
c:\users\alathon\desktop\ccv15-master\apps\addonsexamples\vs2010\obj\debug\main.obj
c:\users\alathon\desktop\ccv15-master\apps\addonsexamples\vs2010\obj\debug\ofxcvcolorimage.obj
c:\users\alathon\desktop\ccv15-master\apps\addonsexamples\vs2010\obj\debug\ofxcvcontourfinder.obj
c:\users\alathon\desktop\ccv15-master\apps\addonsexamples\vs2010\obj\debug\ofxcvfloatimage.obj
c:\users\alathon\desktop\ccv15-master\apps\addonsexamples\vs2010\obj\debug\ofxcvgrayscaleimage.obj
c:\users\alathon\desktop\ccv15-master\apps\addonsexamples\vs2010\obj\debug\ofxcvimage.obj
c:\users\alathon\desktop\ccv15-master\apps\addonsexamples\vs2010\obj\debug\ofxcvshortimage.obj
c:\users\alathon\desktop\ccv15-master\apps\addonsexamples\vs2010\obj\debug\ofxdirlist.obj
c:\users\alathon\desktop\ccv15-master\apps\addonsexamples\vs2010\obj\debug\ofxffmv.obj
c:\users\alathon\desktop\ccv15-master\apps\addonsexamples\vs2010\obj\debug\ofxgui.obj
c:\users\alathon\desktop\ccv15-master\apps\addonsexamples\vs2010\obj\debug\ofxguiarrow.obj
c:\users\alathon\desktop\ccv15-master\apps\addonsexamples\vs2010\obj\debug\ofxguibutton.obj
c:\users\alathon\desktop\ccv15-master\apps\addonsexamples\vs2010\obj\debug\ofxguicolor.obj
c:\users\alathon\desktop\ccv15-master\apps\addonsexamples\vs2010\obj\debug\ofxguifiles.obj
c:\users\alathon\desktop\ccv15-master\apps\addonsexamples\vs2010\obj\debug\ofxguiglobals.obj
c:\users\alathon\desktop\ccv15-master\apps\addonsexamples\vs2010\obj\debug\ofxguigrid.obj
c:\users\alathon\desktop\ccv15-master\apps\addonsexamples\vs2010\obj\debug\ofxguiimage.obj
c:\users\alathon\desktop\ccv15-master\apps\addonsexamples\vs2010\obj\debug\ofxguiknob.obj
c:\users\alathon\desktop\ccv15-master\apps\addonsexamples\vs2010\obj\debug\ofxguilabel.obj
c:\users\alathon\desktop\ccv15-master\apps\addonsexamples\vs2010\obj\debug\ofxguimatrix.obj
c:\users\alathon\desktop\ccv15-master\apps\addonsexamples\vs2010\obj\debug\ofxguiobject.obj
c:\users\alathon\desktop\ccv15-master\apps\addonsexamples\vs2010\obj\debug\ofxguipanel.obj
c:\users\alathon\desktop\ccv15-master\apps\addonsexamples\vs2010\obj\debug\ofxguipoints.obj
c:\users\alathon\desktop\ccv15-master\apps\addonsexamples\vs2010\obj\debug\ofxguiradar.obj
c:\users\alathon\desktop\ccv15-master\apps\addonsexamples\vs2010\obj\debug\ofxguiscope.obj
c:\users\alathon\desktop\ccv15-master\apps\addonsexamples\vs2010\obj\debug\ofxguislider.obj
c:\users\alathon\desktop\ccv15-master\apps\addonsexamples\vs2010\obj\debug\ofxguiswitch.obj
c:\users\alathon\desktop\ccv15-master\apps\addonsexamples\vs2010\obj\debug\ofxguixypad.obj
c:\users\alathon\desktop\ccv15-master\apps\addonsexamples\vs2010\obj\debug\ofxmatrix3x3.obj
c:\users\alathon\desktop\ccv15-master\apps\addonsexamples\vs2010\obj\debug\ofxncorevision.obj
c:\users\alathon\desktop\ccv15-master\apps\addonsexamples\vs2010\obj\debug\ofxoscbundle.obj
c:\users\alathon\desktop\ccv15-master\apps\addonsexamples\vs2010\obj\debug\ofxoscmessage.obj
c:\users\alathon\desktop\ccv15-master\apps\addonsexamples\vs2010\obj\debug\ofxoscreceiver.obj
c:\users\alathon\desktop\ccv15-master\apps\addonsexamples\vs2010\obj\debug\ofxoscsender.obj
c:\users\alathon\desktop\ccv15-master\apps\addonsexamples\vs2010\obj\debug\ofxtcpclient.obj
c:\users\alathon\desktop\ccv15-master\apps\addonsexamples\vs2010\obj\debug\ofxtcpmanager.obj
c:\users\alathon\desktop\ccv15-master\apps\addonsexamples\vs2010\obj\debug\ofxtcpserver.obj
c:\users\alathon\desktop\ccv15-master\apps\addonsexamples\vs2010\obj\debug\ofxthread.obj
c:\users\alathon\desktop\ccv15-master\apps\addonsexamples\vs2010\obj\debug\ofxudpmanager.obj
c:\users\alathon\desktop\ccv15-master\apps\addonsexamples\vs2010\obj\debug\ofxxmlsettings.obj
c:\users\alathon\desktop\ccv15-master\apps\addonsexamples\vs2010\obj\debug\shaderprogram.obj
c:\users\alathon\desktop\ccv15-master\apps\addonsexamples\vs2010\obj\debug\testapp.obj
c:\users\alathon\desktop\ccv15-master\apps\addonsexamples\vs2010\obj\debug\tiled_bernsen_threshold.obj
c:\users\alathon\desktop\ccv15-master\apps\addonsexamples\vs2010\obj\debug\tinyxml.obj
c:\users\alathon\desktop\ccv15-master\apps\addonsexamples\vs2010\obj\debug\tinyxmlerror.obj
c:\users\alathon\desktop\ccv15-master\apps\addonsexamples\vs2010\obj\debug\tinyxmlparser.obj
c:\users\alathon\desktop\ccv15-master\apps\addonsexamples\vs2010\obj\debug\touchmessenger.obj
c:\users\alathon\desktop\ccv15-master\apps\addonsexamples\vs2010\obj\debug\tuio.obj
c:\users\alathon\desktop\ccv15-master\apps\addonsexamples\vs2010\obj\debug\cl.command.1.tlog
c:\users\alathon\desktop\ccv15-master\apps\addonsexamples\vs2010\obj\debug\cl.read.1.tlog
c:\users\alathon\desktop\ccv15-master\apps\addonsexamples\vs2010\obj\debug\cl.write.1.tlog
c:\users\alathon\desktop\ccv15-master\apps\addonsexamples\vs2010\obj\debug\community core vision.write.1.tlog
c:\users\alathon\desktop\ccv15-master\apps\addonsexamples\vs2010\obj\debug\link.2536-cvtres.read.1.tlog
c:\users\alathon\desktop\ccv15-master\apps\addonsexamples\vs2010\obj\debug\link.2536-cvtres.write.1.tlog
c:\users\alathon\desktop\ccv15-master\apps\addonsexamples\vs2010\obj\debug\link.2536.read.1.tlog
c:\users\alathon\desktop\ccv15-master\apps\addonsexamples\vs2010\obj\debug\link.2536.write.1.tlog
c:\users\alathon\desktop\ccv15-master\apps\addonsexamples\vs2010\obj\debug\link.4368-cvtres.read.1.tlog
c:\users\alathon\desktop\ccv15-master\apps\addonsexamples\vs2010\obj\debug\link.4368-cvtres.write.1.tlog
c:\users\alathon\desktop\ccv15-master\apps\addonsexamples\vs2010\obj\debug\link.4368.read.1.tlog
c:\users\alathon\desktop\ccv15-master\apps\addonsexamples\vs2010\obj\debug\link.4368.write.1.tlog
c:\users\alathon\desktop\ccv15-master\apps\addonsexamples\vs2010\obj\debug\link.5244-cvtres.read.1.tlog
c:\users\alathon\desktop\ccv15-master\apps\addonsexamples\vs2010\obj\debug\link.5244-cvtres.write.1.tlog
c:\users\alathon\desktop\ccv15-master\apps\addonsexamples\vs2010\obj\debug\link.5244.read.1.tlog
c:\users\alathon\desktop\ccv15-master\apps\addonsexamples\vs2010\obj\debug\link.5244.write.1.tlog
c:\users\alathon\desktop\ccv15-master\apps\addonsexamples\vs2010\obj\debug\link.5248-cvtres.read.1.tlog
c:\users\alathon\desktop\ccv15-master\apps\addonsexamples\vs2010\obj\debug\link.5248-cvtres.write.1.tlog
c:\users\alathon\desktop\ccv15-master\apps\addonsexamples\vs2010\obj\debug\link.5248.read.1.tlog
c:\users\alathon\desktop\ccv15-master\apps\addonsexamples\vs2010\obj\debug\link.5248.write.1.tlog
c:\users\alathon\desktop\ccv15-master\apps\addonsexamples\vs2010\obj\debug\link.5292-cvtres.read.1.tlog
c:\users\alathon\desktop\ccv15-master\apps\addonsexamples\vs2010\obj\debug\link.5292-cvtres.write.1.tlog
c:\users\alathon\desktop\ccv15-master\apps\addonsexamples\vs2010\obj\debug\link.5292.read.1.tlog
c:\users\alathon\desktop\ccv15-master\apps\addonsexamples\vs2010\obj\debug\link.5292.write.1.tlog
c:\users\alathon\desktop\ccv15-master\apps\addonsexamples\vs2010\obj\debug\link.6240-cvtres.read.1.tlog
c:\users\alathon\desktop\ccv15-master\apps\addonsexamples\vs2010\obj\debug\link.6240-cvtres.write.1.tlog
c:\users\alathon\desktop\ccv15-master\apps\addonsexamples\vs2010\obj\debug\link.6240.read.1.tlog
c:\users\alathon\desktop\ccv15-master\apps\addonsexamples\vs2010\obj\debug\link.6240.write.1.tlog
c:\users\alathon\desktop\ccv15-master\apps\addonsexamples\vs2010\obj\debug\link.6584-cvtres.read.1.tlog
c:\users\alathon\desktop\ccv15-master\apps\addonsexamples\vs2010\obj\debug\link.6584-cvtres.write.1.tlog
c:\users\alathon\desktop\ccv15-master\apps\addonsexamples\vs2010\obj\debug\link.6584.read.1.tlog
c:\users\alathon\desktop\ccv15-master\apps\addonsexamples\vs2010\obj\debug\link.6584.write.1.tlog
c:\users\alathon\desktop\ccv15-master\apps\addonsexamples\vs2010\obj\debug\link.command.1.tlog
c:\users\alathon\desktop\ccv15-master\apps\addonsexamples\vs2010\obj\debug\link.read.1.tlog
c:\users\alathon\desktop\ccv15-master\apps\addonsexamples\vs2010\obj\debug\link.write.1.tlog
c:\users\alathon\desktop\ccv15-master\apps\addonsexamples\vs2010\obj\debug\mt.command.1.tlog
c:\users\alathon\desktop\ccv15-master\apps\addonsexamples\vs2010\obj\debug\mt.read.1.tlog
c:\users\alathon\desktop\ccv15-master\apps\addonsexamples\vs2010\obj\debug\mt.write.1.tlog
c:\users\alathon\desktop\ccv15-master\apps\addonsexamples\vs2010\obj\debug\rc.command.1.tlog
c:\users\alathon\desktop\ccv15-master\apps\addonsexamples\vs2010\obj\debug\rc.read.1.tlog
c:\users\alathon\desktop\ccv15-master\apps\addonsexamples\vs2010\obj\debug\rc.write.1.tlog
c:\users\alathon\desktop\ccv15-master\apps\addonsexamples\vs2010\obj\debug\ccv_debug.exe.embed.manifest
c:\users\alathon\desktop\ccv15-master\apps\addonsexamples\vs2010\obj\debug\ccv_debug.exe.intermediate.manifest
c:\users\alathon\desktop\ccv15-master\apps\addonsexamples\vs2010\obj\debug\ccv_debug.exe.embed.manifest.res
c:\users\alathon\desktop\ccv15-master\apps\addonsexamples\vs2010\obj\debug\community core vision.res
c:\users\alathon\desktop\ccv15-master\apps\addonsexamples\vs2010\obj\debug\vc100.idb
c:\users\alathon\desktop\ccv15-master\apps\addonsexamples\vs2010\obj\debug\vc120.idb
c:\users\alathon\desktop\ccv15-master\apps\addonsexamples\vs2010\obj\debug\vc100.pdb
c:\users\alathon\desktop\ccv15-master\apps\addonsexamples\vs2010\obj\debug\vc120.pdb
c:\users\alathon\desktop\ccv15-master\apps\addonsexamples\vs2010\obj\debug\ccv_debug_manifest.rc
c:\users\alathon\desktop\ccv15-master\apps\addonsexamples\vs2010\bin\ccv_debug.exe
