c:\users\alathon\desktop\ccv15-master\apps\addonsexamples\vs2010\obj\release\ofxcvshortimage.obj
c:\users\alathon\desktop\ccv15-master\apps\addonsexamples\vs2010\obj\release\ofxcvimage.obj
c:\users\alathon\desktop\ccv15-master\apps\addonsexamples\vs2010\obj\release\ofxcvgrayscaleimage.obj
c:\users\alathon\desktop\ccv15-master\apps\addonsexamples\vs2010\obj\release\ofxcvfloatimage.obj
c:\users\alathon\desktop\ccv15-master\apps\addonsexamples\vs2010\obj\release\ofxcvcontourfinder.obj
c:\users\alathon\desktop\ccv15-master\apps\addonsexamples\vs2010\obj\release\ofxcvcolorimage.obj
c:\users\alathon\desktop\ccv15-master\apps\addonsexamples\vs2010\obj\release\ofxoscsender.obj
c:\users\alathon\desktop\ccv15-master\apps\addonsexamples\vs2010\obj\release\ofxoscreceiver.obj
c:\users\alathon\desktop\ccv15-master\apps\addonsexamples\vs2010\obj\release\ofxoscmessage.obj
c:\users\alathon\desktop\ccv15-master\apps\addonsexamples\vs2010\obj\release\ofxoscbundle.obj
c:\users\alathon\desktop\ccv15-master\apps\addonsexamples\vs2010\obj\release\ofxudpmanager.obj
c:\users\alathon\desktop\ccv15-master\apps\addonsexamples\vs2010\obj\release\ofxtcpserver.obj
c:\users\alathon\desktop\ccv15-master\apps\addonsexamples\vs2010\obj\release\ofxtcpmanager.obj
c:\users\alathon\desktop\ccv15-master\apps\addonsexamples\vs2010\obj\release\ofxtcpclient.obj
c:\users\alathon\desktop\ccv15-master\apps\addonsexamples\vs2010\obj\release\tinyxmlparser.obj
c:\users\alathon\desktop\ccv15-master\apps\addonsexamples\vs2010\obj\release\tinyxmlerror.obj
c:\users\alathon\desktop\ccv15-master\apps\addonsexamples\vs2010\obj\release\tinyxml.obj
c:\users\alathon\desktop\ccv15-master\apps\addonsexamples\vs2010\obj\release\ofxxmlsettings.obj
c:\users\alathon\desktop\ccv15-master\apps\addonsexamples\vs2010\obj\release\testapp.obj
c:\users\alathon\desktop\ccv15-master\apps\addonsexamples\vs2010\obj\release\main.obj
c:\users\alathon\desktop\ccv15-master\apps\addonsexamples\vs2010\obj\release\ofxguipanel.obj
c:\users\alathon\desktop\ccv15-master\apps\addonsexamples\vs2010\obj\release\ofxguiobject.obj
c:\users\alathon\desktop\ccv15-master\apps\addonsexamples\vs2010\obj\release\ofxguimatrix.obj
c:\users\alathon\desktop\ccv15-master\apps\addonsexamples\vs2010\obj\release\ofxguilabel.obj
c:\users\alathon\desktop\ccv15-master\apps\addonsexamples\vs2010\obj\release\ofxguiknob.obj
c:\users\alathon\desktop\ccv15-master\apps\addonsexamples\vs2010\obj\release\ofxguiimage.obj
c:\users\alathon\desktop\ccv15-master\apps\addonsexamples\vs2010\obj\release\ofxguigrid.obj
c:\users\alathon\desktop\ccv15-master\apps\addonsexamples\vs2010\obj\release\ofxguiglobals.obj
c:\users\alathon\desktop\ccv15-master\apps\addonsexamples\vs2010\obj\release\ofxguifiles.obj
c:\users\alathon\desktop\ccv15-master\apps\addonsexamples\vs2010\obj\release\ofxguicolor.obj
c:\users\alathon\desktop\ccv15-master\apps\addonsexamples\vs2010\obj\release\ofxguibutton.obj
c:\users\alathon\desktop\ccv15-master\apps\addonsexamples\vs2010\obj\release\ofxguiarrow.obj
c:\users\alathon\desktop\ccv15-master\apps\addonsexamples\vs2010\obj\release\ofxgui.obj
c:\users\alathon\desktop\ccv15-master\apps\addonsexamples\vs2010\obj\release\tuio.obj
c:\users\alathon\desktop\ccv15-master\apps\addonsexamples\vs2010\obj\release\calibrationutils.obj
c:\users\alathon\desktop\ccv15-master\apps\addonsexamples\vs2010\obj\release\calibration.obj
c:\users\alathon\desktop\ccv15-master\apps\addonsexamples\vs2010\obj\release\ofxffmv.obj
c:\users\alathon\desktop\ccv15-master\apps\addonsexamples\vs2010\obj\release\ofxdirlist.obj
c:\users\alathon\desktop\ccv15-master\apps\addonsexamples\vs2010\obj\release\ofxthread.obj
c:\users\alathon\desktop\ccv15-master\apps\addonsexamples\vs2010\obj\release\ofxmatrix3x3.obj
c:\users\alathon\desktop\ccv15-master\apps\addonsexamples\vs2010\obj\release\treeidmap.obj
c:\users\alathon\desktop\ccv15-master\apps\addonsexamples\vs2010\obj\release\segment.obj
c:\users\alathon\desktop\ccv15-master\apps\addonsexamples\vs2010\obj\release\fidtrackx.obj
c:\users\alathon\desktop\ccv15-master\apps\addonsexamples\vs2010\obj\release\ofxfiducialtracker.obj
c:\users\alathon\desktop\ccv15-master\apps\addonsexamples\vs2010\obj\release\ofxfiducialfinder.obj
c:\users\alathon\desktop\ccv15-master\apps\addonsexamples\vs2010\obj\release\ofxps3.obj
c:\users\alathon\desktop\ccv15-master\apps\addonsexamples\vs2010\obj\release\templateutils.obj
c:\users\alathon\desktop\ccv15-master\apps\addonsexamples\vs2010\obj\release\tracking.obj
c:\users\alathon\desktop\ccv15-master\apps\addonsexamples\vs2010\obj\release\contourfinder.obj
c:\users\alathon\desktop\ccv15-master\apps\addonsexamples\vs2010\obj\release\ofxncorevision.obj
c:\users\alathon\desktop\ccv15-master\apps\addonsexamples\vs2010\obj\release\shaderprogram.obj
c:\users\alathon\desktop\ccv15-master\apps\addonsexamples\vs2010\obj\release\gpuimagefilter.obj
c:\users\alathon\desktop\ccv15-master\apps\addonsexamples\vs2010\obj\release\cpuimagefilter.obj
c:\users\alathon\desktop\ccv15-master\apps\addonsexamples\vs2010\obj\release\touchmessenger.obj
c:\users\alathon\desktop\ccv15-master\apps\addonsexamples\vs2010\obj\release\ofxguixypad.obj
c:\users\alathon\desktop\ccv15-master\apps\addonsexamples\vs2010\obj\release\ofxguiswitch.obj
c:\users\alathon\desktop\ccv15-master\apps\addonsexamples\vs2010\obj\release\ofxguislider.obj
c:\users\alathon\desktop\ccv15-master\apps\addonsexamples\vs2010\obj\release\ofxguiscope.obj
c:\users\alathon\desktop\ccv15-master\apps\addonsexamples\vs2010\obj\release\ofxguiradar.obj
c:\users\alathon\desktop\ccv15-master\apps\addonsexamples\vs2010\obj\release\ofxguipoints.obj
c:\users\alathon\desktop\ccv15-master\apps\addonsexamples\vs2010\obj\release\ofxkinect.obj
c:\users\alathon\desktop\ccv15-master\apps\addonsexamples\vs2010\obj\release\ofxdshow.obj
c:\users\alathon\desktop\ccv15-master\apps\addonsexamples\vs2010\obj\release\ofxcmucamera.obj
c:\users\alathon\desktop\ccv15-master\apps\addonsexamples\vs2010\obj\release\ofxmultiplexermanager.obj
c:\users\alathon\desktop\ccv15-master\apps\addonsexamples\vs2010\obj\release\ofxmultiplexer.obj
c:\users\alathon\desktop\ccv15-master\apps\addonsexamples\vs2010\obj\release\ofxguidhelper.obj
c:\users\alathon\desktop\ccv15-master\apps\addonsexamples\vs2010\obj\release\ofxcamerabase.obj
c:\users\alathon\desktop\ccv15-master\apps\addonsexamples\vs2010\obj\release\tiled_bernsen_threshold.obj
c:\users\alathon\desktop\ccv15-master\apps\addonsexamples\vs2010\obj\release\community core vision.res
c:\users\alathon\desktop\ccv15-master\apps\addonsexamples\vs2010\obj\release\cl.command.1.tlog
c:\users\alathon\desktop\ccv15-master\apps\addonsexamples\vs2010\obj\release\cl.read.1.tlog
c:\users\alathon\desktop\ccv15-master\apps\addonsexamples\vs2010\obj\release\cl.write.1.tlog
c:\users\alathon\desktop\ccv15-master\apps\addonsexamples\vs2010\obj\release\link.command.1.tlog
c:\users\alathon\desktop\ccv15-master\apps\addonsexamples\vs2010\obj\release\link.read.1.tlog
c:\users\alathon\desktop\ccv15-master\apps\addonsexamples\vs2010\obj\release\link.write.1.tlog
c:\users\alathon\desktop\ccv15-master\apps\addonsexamples\vs2010\obj\release\rc.command.1.tlog
c:\users\alathon\desktop\ccv15-master\apps\addonsexamples\vs2010\obj\release\rc.read.1.tlog
c:\users\alathon\desktop\ccv15-master\apps\addonsexamples\vs2010\obj\release\rc.write.1.tlog
